<?xml version="1.0" encoding="UTF-8"?>
<testsuite xmlns:xsi="http://www.w3.org/2001/XMLSchema-instance" xsi:noNamespaceSchemaLocation="https://maven.apache.org/surefire/maven-surefire-plugin/xsd/surefire-test-report.xsd" version="3.0.2" name="com.otel.sample.microservices.controller.ProductControllerTest" time="0.347" tests="4" errors="0" skipped="0" failures="0">
  <properties>
[...]
</properties>
  <testcase name="should_return_400_with_campos_list_when_preco_is_not_positive" classname="com.otel.sample.microservices.controller.ProductControllerTest" time="0.067">
    <system-out><![CDATA[2026-05-21T14:38:30.291-03:00  INFO 1274936 --- [sample-microservices] [           main] t.c.s.AnnotationConfigContextLoaderUtils : Could not detect default configuration classes for test class [com.otel.sample.microservices.controller.ProductControllerTest]: ProductControllerTest does not declare any static, non-private, non-final, nested classes annotated with @Configuration.
2026-05-21T14:38:30.310-03:00  INFO 1274936 --- [sample-microservices] [           main] .b.t.c.SpringBootTestContextBootstrapper : Found @SpringBootConfiguration com.otel.sample.microservices.SampleMicroservicesApplication for test class com.otel.sample.microservices.controller.ProductControllerTest

  .   ____          _            __ _ _
 /\\ / ___'_ __ _ _(_)_ __  __ _ \ \ \ \
( ( )\___ | '_ | '_| | '_ \/ _` | \ \ \ \
 \\/  ___)| |_)| | | | | || (_| |  ) ) ) )
  '  |____| .__|_| |_|_| |_\__, | / / / /
 =========|_|==============|___/=/_/_/_/

 :: Spring Boot ::                (v3.4.2)

2026-05-21T14:38:30.341-03:00  INFO 1274936 --- [sample-microservices] [           main] c.o.s.m.c.ProductControllerTest          : Starting ProductControllerTest using Java 25.0.2 with PID 1274936 (started by felipph in /tmp/sdlc-workspaces/impl-PROD-E2E-1779383871-1e9e5970)
2026-05-21T14:38:30.341-03:00  INFO 1274936 --- [sample-microservices] [           main] c.o.s.m.c.ProductControllerTest          : No active profile set, falling back to 1 default profile: "default"
2026-05-21T14:38:30.532-03:00  INFO 1274936 --- [sample-microservices] [           main] o.s.b.t.m.w.SpringBootMockServletContext : Initializing Spring TestDispatcherServlet ''
2026-05-21T14:38:30.532-03:00  INFO 1274936 --- [sample-microservices] [           main] o.s.t.web.servlet.TestDispatcherServlet  : Initializing Servlet ''
2026-05-21T14:38:30.533-03:00  INFO 1274936 --- [sample-microservices] [           main] o.s.t.web.servlet.TestDispatcherServlet  : Completed initialization in 1 ms
2026-05-21T14:38:30.543-03:00  INFO 1274936 --- [sample-microservices] [           main] c.o.s.m.c.ProductControllerTest          : Started ProductControllerTest in 0.227 seconds (process running for 5.772)
2026-05-21T14:38:30.566-03:00  WARN 1274936 --- [sample-microservices] [           main] c.o.s.m.c.GlobalExceptionHandler         : Validation failed: Validation failed for argument [0] in public org.springframework.http.ResponseEntity<com.otel.sample.microservices.dto.ProductResponse> com.otel.sample.microservices.controller.ProductController.createProduct(com.otel.sample.microservices.dto.ProductRequest): [Field error in object 'productRequest' on field 'preco': rejected value [-1.00]; codes [Positive.productRequest.preco,Positive.preco,Positive.java.math.BigDecimal,Positive]; arguments [org.springframework.context.support.DefaultMessageSourceResolvable: codes [productRequest.preco,preco]; arguments []; default message [preco]]; default message [must be greater than 0]] 
]]></system-out>
  </testcase>
  <testcase name="should_return_400_with_campos_list_when_nome_is_blank" classname="com.otel.sample.microservices.controller.ProductControllerTest" time="0.005">
    <system-out><![CDATA[2026-05-21T14:38:30.616-03:00  WARN 1274936 --- [sample-microservices] [           main] c.o.s.m.c.GlobalExceptionHandler         : Validation failed: Validation failed for argument [0] in public org.springframework.http.ResponseEntity<com.otel.sample.microservices.dto.ProductResponse> com.otel.sample.microservices.controller.ProductController.createProduct(com.otel.sample.microservices.dto.ProductRequest): [Field error in object 'productRequest' on field 'nome': rejected value []; codes [NotBlank.productRequest.nome,NotBlank.nome,NotBlank.java.lang.String,NotBlank]; arguments [org.springframework.context.support.DefaultMessageSourceResolvable: codes [productRequest.nome,nome]; arguments []; default message [nome]]; default message [must not be blank]] 
]]></system-out>
  </testcase>
  <testcase name="should_return_202_with_correlationId_equal_to_productId_and_PENDING_when_valid_product" classname="com.otel.sample.microservices.controller.ProductControllerTest" time="0.011">
    <system-out><![CDATA[2026-05-21T14:38:30.625-03:00  INFO 1274936 --- [sample-microservices] [           main] c.o.s.m.controller.ProductController     : REST POST /api/products - nome=Notebook
]]></system-out>
  </testcase>
  <testcase name="should_return_400_when_nome_is_null" classname="com.otel.sample.microservices.controller.ProductControllerTest" time="0.004">
    <system-out><![CDATA[2026-05-21T14:38:30.633-03:00  WARN 1274936 --- [sample-microservices] [           main] c.o.s.m.c.GlobalExceptionHandler         : Validation failed: Validation failed for argument [0] in public org.springframework.http.ResponseEntity<com.otel.sample.microservices.dto.ProductResponse> com.otel.sample.microservices.controller.ProductController.createProduct(com.otel.sample.microservices.dto.ProductRequest): [Field error in object 'productRequest' on field 'nome': rejected value [null]; codes [NotBlank.productRequest.nome,NotBlank.nome,NotBlank.java.lang.String,NotBlank]; arguments [org.springframework.context.support.DefaultMessageSourceResolvable: codes [productRequest.nome,nome]; arguments []; default message [nome]]; default message [must not be blank]] 
]]></system-out>
  </testcase>
</testsuite>