<?xml version="1.0" encoding="UTF-8"?>
<testsuite xmlns:xsi="http://www.w3.org/2001/XMLSchema-instance" xsi:noNamespaceSchemaLocation="https://maven.apache.org/surefire/maven-surefire-plugin/xsd/surefire-test-report.xsd" version="3.0.2" name="com.otel.sample.microservices.integration.ProductFlowIT" time="3.423" tests="2" errors="0" skipped="0" failures="0">
  <properties>
[...]
</properties>
  <testcase name="should_return_400_for_blank_nome_in_full_flow" classname="com.otel.sample.microservices.integration.ProductFlowIT" time="0.352">
    <system-out><![CDATA[13:41:53.325 [main] INFO org.springframework.test.context.support.AnnotationConfigContextLoaderUtils -- Could not detect default configuration classes for test class [com.otel.sample.microservices.integration.ProductFlowIT]: ProductFlowIT does not declare any static, non-private, non-final, nested classes annotated with @Configuration.
13:41:53.562 [main] INFO org.springframework.boot.test.context.SpringBootTestContextBootstrapper -- Found @SpringBootConfiguration com.otel.sample.microservices.SampleMicroservicesApplication for test class com.otel.sample.microservices.integration.ProductFlowIT

  .   ____          _            __ _ _
 /\\ / ___'_ __ _ _(_)_ __  __ _ \ \ \ \
( ( )\___ | '_ | '_| | '_ \/ _` | \ \ \ \
 \\/  ___)| |_)| | | | | || (_| |  ) ) ) )
  '  |____| .__|_| |_|_| |_\__, | / / / /
 =========|_|==============|___/=/_/_/_/

 :: Spring Boot ::                (v3.4.2)

2026-05-22T13:41:54.027-03:00  INFO 2608622 --- [sample-microservices] [           main] c.o.s.m.integration.ProductFlowIT        : Starting ProductFlowIT using Java 25.0.2 with PID 2608622 (started by felipph in /tmp/sdlc-workspaces/impl-PROD-E2E-1779467034-6b804cb1)
2026-05-22T13:41:54.029-03:00  INFO 2608622 --- [sample-microservices] [           main] c.o.s.m.integration.ProductFlowIT        : No active profile set, falling back to 1 default profile: "default"
2026-05-22T13:41:55.278-03:00  INFO 2608622 --- [sample-microservices] [           main] o.s.b.w.embedded.tomcat.TomcatWebServer  : Tomcat initialized with port 0 (http)
2026-05-22T13:41:55.293-03:00  INFO 2608622 --- [sample-microservices] [           main] o.apache.catalina.core.StandardService   : Starting service [Tomcat]
2026-05-22T13:41:55.293-03:00  INFO 2608622 --- [sample-microservices] [           main] o.apache.catalina.core.StandardEngine    : Starting Servlet engine: [Apache Tomcat/10.1.34]
2026-05-22T13:41:55.330-03:00  INFO 2608622 --- [sample-microservices] [           main] o.a.c.c.C.[Tomcat].[localhost].[/]       : Initializing Spring embedded WebApplicationContext
2026-05-22T13:41:55.330-03:00  INFO 2608622 --- [sample-microservices] [           main] w.s.c.ServletWebServerApplicationContext : Root WebApplicationContext: initialization completed in 1286 ms
2026-05-22T13:41:56.047-03:00  INFO 2608622 --- [sample-microservices] [           main] o.s.b.a.e.web.EndpointLinksResolver      : Exposing 3 endpoints beneath base path '/actuator'
2026-05-22T13:41:56.106-03:00 DEBUG 2608622 --- [sample-microservices] [           main] .a.r.l.a.MessagingMessageListenerAdapter : Inferred argument type for public void com.otel.sample.microservices.messaging.OrderMessageConsumer.receiveOrder(com.otel.sample.microservices.model.Order) is class com.otel.sample.microservices.model.Order
2026-05-22T13:41:56.124-03:00 DEBUG 2608622 --- [sample-microservices] [           main] o.s.a.r.l.SimpleMessageListenerContainer : No global properties bean
2026-05-22T13:41:56.126-03:00 DEBUG 2608622 --- [sample-microservices] [           main] .a.r.l.a.MessagingMessageListenerAdapter : Inferred argument type for public void com.otel.sample.microservices.messaging.ProductMessageConsumer.receive(com.otel.sample.microservices.model.Product) is class com.otel.sample.microservices.model.Product
2026-05-22T13:41:56.126-03:00 DEBUG 2608622 --- [sample-microservices] [           main] o.s.a.r.l.SimpleMessageListenerContainer : No global properties bean
2026-05-22T13:41:56.164-03:00  INFO 2608622 --- [sample-microservices] [           main] o.s.b.w.embedded.tomcat.TomcatWebServer  : Tomcat started on port 45883 (http) with context path '/'
2026-05-22T13:41:56.180-03:00  INFO 2608622 --- [sample-microservices] [           main] c.o.s.m.integration.ProductFlowIT        : Started ProductFlowIT in 2.469 seconds (process running for 4.87)
2026-05-22T13:41:56.413-03:00  INFO 2608622 --- [sample-microservices] [o-auto-1-exec-1] o.a.c.c.C.[Tomcat].[localhost].[/]       : Initializing Spring DispatcherServlet 'dispatcherServlet'
2026-05-22T13:41:56.414-03:00  INFO 2608622 --- [sample-microservices] [o-auto-1-exec-1] o.s.web.servlet.DispatcherServlet        : Initializing Servlet 'dispatcherServlet'
2026-05-22T13:41:56.415-03:00  INFO 2608622 --- [sample-microservices] [o-auto-1-exec-1] o.s.web.servlet.DispatcherServlet        : Completed initialization in 1 ms
2026-05-22T13:41:56.524-03:00  WARN 2608622 --- [sample-microservices] [o-auto-1-exec-1] c.o.s.m.c.GlobalExceptionHandler         : Validação falhou nos campos: [nome]
]]></system-out>
  </testcase>
  <testcase name="should_complete_product_flow" classname="com.otel.sample.microservices.integration.ProductFlowIT" time="0.021">
    <system-out><![CDATA[2026-05-22T13:41:56.605-03:00  INFO 2608622 --- [sample-microservices] [o-auto-1-exec-2] c.o.s.m.controller.ProductController     : POST /api/products — nome=Smart TV 55", preco=3199.99
2026-05-22T13:41:56.606-03:00  INFO 2608622 --- [sample-microservices] [o-auto-1-exec-2] c.o.s.m.service.impl.ProductServiceImpl  : Criando produto: nome=Smart TV 55", preco=3199.99, productId=cbcaa121-0dc0-437f-8ee8-af5b4925ee0a
2026-05-22T13:41:56.607-03:00  INFO 2608622 --- [sample-microservices] [o-auto-1-exec-2] c.o.s.m.service.impl.ProductServiceImpl  : Produto salvo: cbcaa121-0dc0-437f-8ee8-af5b4925ee0a
2026-05-22T13:41:56.607-03:00  INFO 2608622 --- [sample-microservices] [o-auto-1-exec-2] c.o.s.m.m.ProductMessageProducer         : Publicando produto em products-input: cbcaa121-0dc0-437f-8ee8-af5b4925ee0a
2026-05-22T13:41:56.608-03:00  INFO 2608622 --- [sample-microservices] [o-auto-1-exec-2] c.o.s.m.service.impl.ProductServiceImpl  : Produto publicado em products-input: cbcaa121-0dc0-437f-8ee8-af5b4925ee0a
2026-05-22T13:41:56.618-03:00  INFO 2608622 --- [sample-microservices] [           main] c.o.s.m.m.ProductMessageConsumer         : Recebido de products-input: cbcaa121-0dc0-437f-8ee8-af5b4925ee0a — retransmitindo para products-output
]]></system-out>
  </testcase>
</testsuite>