<?xml version="1.0" encoding="UTF-8"?>
<testsuite xmlns:xsi="http://www.w3.org/2001/XMLSchema-instance" xsi:noNamespaceSchemaLocation="https://maven.apache.org/surefire/maven-surefire-plugin/xsd/surefire-test-report.xsd" version="3.0.2" name="com.otel.sample.microservices.integration.ProductFlowIT" time="3.56" tests="4" errors="0" skipped="0" failures="0">
  <properties>
[...]
</properties>
  <testcase name="should_return_202_with_correlationId_equal_productId_and_PENDING_status" classname="com.otel.sample.microservices.integration.ProductFlowIT" time="0.391">
    <system-out><![CDATA[14:38:26.814 [main] INFO org.springframework.test.context.support.AnnotationConfigContextLoaderUtils -- Could not detect default configuration classes for test class [com.otel.sample.microservices.integration.ProductFlowIT]: ProductFlowIT does not declare any static, non-private, non-final, nested classes annotated with @Configuration.
14:38:26.959 [main] INFO org.springframework.boot.test.context.SpringBootTestContextBootstrapper -- Found @SpringBootConfiguration com.otel.sample.microservices.SampleMicroservicesApplication for test class com.otel.sample.microservices.integration.ProductFlowIT

  .   ____          _            __ _ _
 /\\ / ___'_ __ _ _(_)_ __  __ _ \ \ \ \
( ( )\___ | '_ | '_| | '_ \/ _` | \ \ \ \
 \\/  ___)| |_)| | | | | || (_| |  ) ) ) )
  '  |____| .__|_| |_|_| |_\__, | / / / /
 =========|_|==============|___/=/_/_/_/

 :: Spring Boot ::                (v3.4.2)

2026-05-21T14:38:27.480-03:00  INFO 1274936 --- [sample-microservices] [           main] c.o.s.m.integration.ProductFlowIT        : Starting ProductFlowIT using Java 25.0.2 with PID 1274936 (started by felipph in /tmp/sdlc-workspaces/impl-PROD-E2E-1779383871-1e9e5970)
2026-05-21T14:38:27.481-03:00  INFO 1274936 --- [sample-microservices] [           main] c.o.s.m.integration.ProductFlowIT        : No active profile set, falling back to 1 default profile: "default"
2026-05-21T14:38:28.616-03:00  INFO 1274936 --- [sample-microservices] [           main] o.s.b.w.embedded.tomcat.TomcatWebServer  : Tomcat initialized with port 0 (http)
2026-05-21T14:38:28.631-03:00  INFO 1274936 --- [sample-microservices] [           main] o.apache.catalina.core.StandardService   : Starting service [Tomcat]
2026-05-21T14:38:28.632-03:00  INFO 1274936 --- [sample-microservices] [           main] o.apache.catalina.core.StandardEngine    : Starting Servlet engine: [Apache Tomcat/10.1.34]
2026-05-21T14:38:28.668-03:00  INFO 1274936 --- [sample-microservices] [           main] o.a.c.c.C.[Tomcat].[localhost].[/]       : Initializing Spring embedded WebApplicationContext
2026-05-21T14:38:28.669-03:00  INFO 1274936 --- [sample-microservices] [           main] w.s.c.ServletWebServerApplicationContext : Root WebApplicationContext: initialization completed in 1171 ms
2026-05-21T14:38:29.351-03:00  INFO 1274936 --- [sample-microservices] [           main] o.s.b.a.e.web.EndpointLinksResolver      : Exposing 3 endpoints beneath base path '/actuator'
2026-05-21T14:38:29.502-03:00 DEBUG 1274936 --- [sample-microservices] [           main] .a.r.l.a.MessagingMessageListenerAdapter : Inferred argument type for public void com.otel.sample.microservices.messaging.OrderMessageConsumer.receiveOrder(com.otel.sample.microservices.model.Order) is class com.otel.sample.microservices.model.Order
2026-05-21T14:38:29.515-03:00 DEBUG 1274936 --- [sample-microservices] [           main] o.s.a.r.l.SimpleMessageListenerContainer : No global properties bean
2026-05-21T14:38:29.517-03:00 DEBUG 1274936 --- [sample-microservices] [           main] .a.r.l.a.MessagingMessageListenerAdapter : Inferred argument type for public void com.otel.sample.microservices.messaging.ProductMessageConsumer.receiveProduct(com.otel.sample.microservices.model.Product) is class com.otel.sample.microservices.model.Product
2026-05-21T14:38:29.517-03:00 DEBUG 1274936 --- [sample-microservices] [           main] o.s.a.r.l.SimpleMessageListenerContainer : No global properties bean
2026-05-21T14:38:29.551-03:00  INFO 1274936 --- [sample-microservices] [           main] o.s.b.w.embedded.tomcat.TomcatWebServer  : Tomcat started on port 34007 (http) with context path '/'
2026-05-21T14:38:29.552-03:00 DEBUG 1274936 --- [sample-microservices] [           main] o.s.a.r.l.SimpleMessageListenerContainer : Starting Rabbit listener container.
2026-05-21T14:38:29.554-03:00  INFO 1274936 --- [sample-microservices] [           main] o.s.a.r.c.CachingConnectionFactory       : Attempting to connect to: localhost:5672
2026-05-21T14:38:29.562-03:00  INFO 1274936 --- [sample-microservices] [           main] o.s.a.r.c.CachingConnectionFactory       : Created new connection: connectionFactory#19a39f7:0/SimpleConnection@2fcd3128 [delegate=com.github.fridujo.rabbitmq.mock.MockConnection@5ba1192c, localPort=0]
2026-05-21T14:38:29.566-03:00 DEBUG 1274936 --- [sample-microservices] [           main] o.s.amqp.rabbit.core.RabbitAdmin         : Initializing declarations
2026-05-21T14:38:29.577-03:00 DEBUG 1274936 --- [sample-microservices] [           main] o.s.a.r.c.CachingConnectionFactory       : Creating cached Rabbit Channel from com.github.fridujo.rabbitmq.mock.MockChannel@61b0d0e6
2026-05-21T14:38:29.586-03:00 DEBUG 1274936 --- [sample-microservices] [           main] o.s.amqp.rabbit.core.RabbitTemplate      : Executing callback RabbitAdmin$$Lambda/0x00000000717ea948 on RabbitMQ Channel: Cached Rabbit Channel: com.github.fridujo.rabbitmq.mock.MockChannel@61b0d0e6, conn: Proxy@444f35bf Shared Rabbit Connection: SimpleConnection@2fcd3128 [delegate=com.github.fridujo.rabbitmq.mock.MockConnection@5ba1192c, localPort=0]
2026-05-21T14:38:29.586-03:00 DEBUG 1274936 --- [sample-microservices] [           main] o.s.amqp.rabbit.core.RabbitAdmin         : declaring Queue 'orders.queue'
2026-05-21T14:38:29.588-03:00 DEBUG 1274936 --- [sample-microservices] [           main] o.s.amqp.rabbit.core.RabbitAdmin         : declaring Queue 'products-input'
2026-05-21T14:38:29.588-03:00 DEBUG 1274936 --- [sample-microservices] [           main] o.s.amqp.rabbit.core.RabbitAdmin         : declaring Queue 'products-output'
2026-05-21T14:38:29.590-03:00 DEBUG 1274936 --- [sample-microservices] [           main] o.s.amqp.rabbit.core.RabbitAdmin         : Declarations finished
2026-05-21T14:38:29.596-03:00 DEBUG 1274936 --- [sample-microservices] [ntContainer#0-1] o.s.amqp.rabbit.core.RabbitTemplate      : Executing callback RabbitAdmin$$Lambda/0x00000000717f8240 on RabbitMQ Channel: Cached Rabbit Channel: com.github.fridujo.rabbitmq.mock.MockChannel@61b0d0e6, conn: Proxy@444f35bf Shared Rabbit Connection: SimpleConnection@2fcd3128 [delegate=com.github.fridujo.rabbitmq.mock.MockConnection@5ba1192c, localPort=0]
2026-05-21T14:38:29.598-03:00 DEBUG 1274936 --- [sample-microservices] [ntContainer#0-1] o.s.a.r.listener.BlockingQueueConsumer   : Starting consumer Consumer@1389c566: tags=[[]], channel=null, acknowledgeMode=AUTO local queue size=0
2026-05-21T14:38:29.608-03:00 DEBUG 1274936 --- [sample-microservices] [ntContainer#0-1] o.s.a.r.listener.BlockingQueueConsumer   : ConsumeOK: Consumer@1389c566: tags=[[]], channel=Cached Rabbit Channel: com.github.fridujo.rabbitmq.mock.MockChannel@61b0d0e6, conn: Proxy@444f35bf Shared Rabbit Connection: SimpleConnection@2fcd3128 [delegate=com.github.fridujo.rabbitmq.mock.MockConnection@5ba1192c, localPort=0], acknowledgeMode=AUTO local queue size=0
2026-05-21T14:38:29.609-03:00 DEBUG 1274936 --- [sample-microservices] [ntContainer#0-1] o.s.a.r.listener.BlockingQueueConsumer   : Started on queue 'orders.queue' with tag amq.ctag-zfgLjDjuuV2G1LtpH5a8nw: Consumer@1389c566: tags=[[amq.ctag-zfgLjDjuuV2G1LtpH5a8nw]], channel=Cached Rabbit Channel: com.github.fridujo.rabbitmq.mock.MockChannel@61b0d0e6, conn: Proxy@444f35bf Shared Rabbit Connection: SimpleConnection@2fcd3128 [delegate=com.github.fridujo.rabbitmq.mock.MockConnection@5ba1192c, localPort=0], acknowledgeMode=AUTO local queue size=0
2026-05-21T14:38:29.609-03:00 DEBUG 1274936 --- [sample-microservices] [           main] o.s.a.r.l.SimpleMessageListenerContainer : Starting Rabbit listener container.
2026-05-21T14:38:29.610-03:00 DEBUG 1274936 --- [sample-microservices] [ntContainer#1-1] o.s.a.r.c.CachingConnectionFactory       : Creating cached Rabbit Channel from com.github.fridujo.rabbitmq.mock.MockChannel@216f5b88
2026-05-21T14:38:29.610-03:00 DEBUG 1274936 --- [sample-microservices] [ntContainer#1-1] o.s.amqp.rabbit.core.RabbitTemplate      : Executing callback RabbitAdmin$$Lambda/0x00000000717f8240 on RabbitMQ Channel: Cached Rabbit Channel: com.github.fridujo.rabbitmq.mock.MockChannel@216f5b88, conn: Proxy@444f35bf Shared Rabbit Connection: SimpleConnection@2fcd3128 [delegate=com.github.fridujo.rabbitmq.mock.MockConnection@5ba1192c, localPort=0]
2026-05-21T14:38:29.611-03:00 DEBUG 1274936 --- [sample-microservices] [ntContainer#1-1] o.s.a.r.listener.BlockingQueueConsumer   : Starting consumer Consumer@5a23740d: tags=[[]], channel=null, acknowledgeMode=AUTO local queue size=0
2026-05-21T14:38:29.611-03:00 DEBUG 1274936 --- [sample-microservices] [ntContainer#1-1] o.s.a.r.listener.BlockingQueueConsumer   : ConsumeOK: Consumer@5a23740d: tags=[[]], channel=Cached Rabbit Channel: com.github.fridujo.rabbitmq.mock.MockChannel@216f5b88, conn: Proxy@444f35bf Shared Rabbit Connection: SimpleConnection@2fcd3128 [delegate=com.github.fridujo.rabbitmq.mock.MockConnection@5ba1192c, localPort=0], acknowledgeMode=AUTO local queue size=0
2026-05-21T14:38:29.611-03:00 DEBUG 1274936 --- [sample-microservices] [ntContainer#1-1] o.s.a.r.listener.BlockingQueueConsumer   : Started on queue 'products-input' with tag amq.ctag-NHLdSbB70WPGq47CZNbB8B: Consumer@5a23740d: tags=[[amq.ctag-NHLdSbB70WPGq47CZNbB8B]], channel=Cached Rabbit Channel: com.github.fridujo.rabbitmq.mock.MockChannel@216f5b88, conn: Proxy@444f35bf Shared Rabbit Connection: SimpleConnection@2fcd3128 [delegate=com.github.fridujo.rabbitmq.mock.MockConnection@5ba1192c, localPort=0], acknowledgeMode=AUTO local queue size=0
2026-05-21T14:38:29.623-03:00  INFO 1274936 --- [sample-microservices] [           main] c.o.s.m.integration.ProductFlowIT        : Started ProductFlowIT in 2.502 seconds (process running for 4.853)
2026-05-21T14:38:29.880-03:00  INFO 1274936 --- [sample-microservices] [o-auto-1-exec-1] o.a.c.c.C.[Tomcat].[localhost].[/]       : Initializing Spring DispatcherServlet 'dispatcherServlet'
2026-05-21T14:38:29.880-03:00  INFO 1274936 --- [sample-microservices] [o-auto-1-exec-1] o.s.web.servlet.DispatcherServlet        : Initializing Servlet 'dispatcherServlet'
2026-05-21T14:38:29.881-03:00  INFO 1274936 --- [sample-microservices] [o-auto-1-exec-1] o.s.web.servlet.DispatcherServlet        : Completed initialization in 1 ms
2026-05-21T14:38:29.975-03:00  INFO 1274936 --- [sample-microservices] [o-auto-1-exec-1] c.o.s.m.controller.ProductController     : REST POST /api/products - nome=Notebook IT
2026-05-21T14:38:29.976-03:00  INFO 1274936 --- [sample-microservices] [o-auto-1-exec-1] c.o.s.m.service.impl.ProductServiceImpl  : Criando produto id=4a74d4bc-884f-4854-88bd-032cfd1b0151 nome=Notebook IT
2026-05-21T14:38:29.977-03:00  INFO 1274936 --- [sample-microservices] [o-auto-1-exec-1] c.o.s.m.service.impl.ProductServiceImpl  : Produto salvo no repositório: 4a74d4bc-884f-4854-88bd-032cfd1b0151
2026-05-21T14:38:29.977-03:00  INFO 1274936 --- [sample-microservices] [o-auto-1-exec-1] c.o.s.m.m.ProductMessageProducer         : Publicando produto em products-input: id=4a74d4bc-884f-4854-88bd-032cfd1b0151
2026-05-21T14:38:29.981-03:00 DEBUG 1274936 --- [sample-microservices] [o-auto-1-exec-1] o.s.a.r.c.CachingConnectionFactory       : Creating cached Rabbit Channel from com.github.fridujo.rabbitmq.mock.MockChannel@45b5f805
2026-05-21T14:38:29.981-03:00 DEBUG 1274936 --- [sample-microservices] [o-auto-1-exec-1] o.s.amqp.rabbit.core.RabbitTemplate      : Executing callback RabbitTemplate$$Lambda/0x00000000718df9b0 on RabbitMQ Channel: Cached Rabbit Channel: com.github.fridujo.rabbitmq.mock.MockChannel@45b5f805, conn: Proxy@444f35bf Shared Rabbit Connection: SimpleConnection@2fcd3128 [delegate=com.github.fridujo.rabbitmq.mock.MockConnection@5ba1192c, localPort=0]
2026-05-21T14:38:29.983-03:00 DEBUG 1274936 --- [sample-microservices] [o-auto-1-exec-1] o.s.amqp.rabbit.core.RabbitTemplate      : Publishing message [(Body:'[B@73eb3023(byte[89])' MessageProperties [headers={__TypeId__=com.otel.sample.microservices.model.Product}, contentType=application/json, contentEncoding=UTF-8, contentLength=89, deliveryMode=PERSISTENT, priority=0, deliveryTag=0])] on exchange [], routingKey = [products-input]
2026-05-21T14:38:29.991-03:00  INFO 1274936 --- [sample-microservices] [o-auto-1-exec-1] c.o.s.m.service.impl.ProductServiceImpl  : Produto publicado em products-input: 4a74d4bc-884f-4854-88bd-032cfd1b0151
2026-05-21T14:38:30.010-03:00 DEBUG 1274936 --- [sample-microservices] [queue_consuming] o.s.a.r.listener.BlockingQueueConsumer   : Storing delivery for consumerTag: 'amq.ctag-NHLdSbB70WPGq47CZNbB8B' with deliveryTag: '1' in Consumer@5a23740d: tags=[[amq.ctag-NHLdSbB70WPGq47CZNbB8B]], channel=Cached Rabbit Channel: com.github.fridujo.rabbitmq.mock.MockChannel@216f5b88, conn: Proxy@444f35bf Shared Rabbit Connection: SimpleConnection@2fcd3128 [delegate=com.github.fridujo.rabbitmq.mock.MockConnection@5ba1192c, localPort=0], acknowledgeMode=AUTO local queue size=0
2026-05-21T14:38:30.010-03:00 DEBUG 1274936 --- [sample-microservices] [ntContainer#1-1] o.s.a.r.listener.BlockingQueueConsumer   : Received message: (Body:'[B@73eb3023(byte[89])' MessageProperties [headers={__TypeId__=com.otel.sample.microservices.model.Product}, contentType=application/json, contentEncoding=UTF-8, contentLength=0, receivedDeliveryMode=PERSISTENT, priority=0, redelivered=false, receivedExchange=, receivedRoutingKey=products-input, deliveryTag=1, consumerTag=amq.ctag-NHLdSbB70WPGq47CZNbB8B, consumerQueue=products-input])
2026-05-21T14:38:30.018-03:00 DEBUG 1274936 --- [sample-microservices] [ntContainer#1-1] .a.r.l.a.MessagingMessageListenerAdapter : Processing [GenericMessage [payload=Product{productId='4a74d4bc-884f-4854-88bd-032cfd1b0151', nome='Notebook IT', preco=2000.00}, headers={amqp_receivedDeliveryMode=PERSISTENT, amqp_deliveryTag=1, amqp_consumerQueue=products-input, amqp_redelivered=false, amqp_receivedRoutingKey=products-input, amqp_contentEncoding=UTF-8, amqp_retryCount=0, id=5bc982ed-1cd0-eb70-47e8-eaf923eaea85, amqp_consumerTag=amq.ctag-NHLdSbB70WPGq47CZNbB8B, amqp_lastInBatch=false, contentType=application/json, __TypeId__=com.otel.sample.microservices.model.Product, timestamp=1779385110017}]]
2026-05-21T14:38:30.018-03:00  INFO 1274936 --- [sample-microservices] [ntContainer#1-1] c.o.s.m.m.ProductMessageConsumer         : Produto recebido de products-input: id=4a74d4bc-884f-4854-88bd-032cfd1b0151
2026-05-21T14:38:30.019-03:00 DEBUG 1274936 --- [sample-microservices] [ntContainer#1-1] o.s.amqp.rabbit.core.RabbitTemplate      : Executing callback RabbitTemplate$$Lambda/0x00000000718df9b0 on RabbitMQ Channel: Cached Rabbit Channel: com.github.fridujo.rabbitmq.mock.MockChannel@45b5f805, conn: Proxy@444f35bf Shared Rabbit Connection: SimpleConnection@2fcd3128 [delegate=com.github.fridujo.rabbitmq.mock.MockConnection@5ba1192c, localPort=0]
2026-05-21T14:38:30.019-03:00 DEBUG 1274936 --- [sample-microservices] [ntContainer#1-1] o.s.amqp.rabbit.core.RabbitTemplate      : Publishing message [(Body:'[B@578d691(byte[89])' MessageProperties [headers={__TypeId__=com.otel.sample.microservices.model.Product}, contentType=application/json, contentEncoding=UTF-8, contentLength=89, deliveryMode=PERSISTENT, priority=0, deliveryTag=0])] on exchange [], routingKey = [products-output]
2026-05-21T14:38:30.019-03:00  INFO 1274936 --- [sample-microservices] [ntContainer#1-1] c.o.s.m.m.ProductMessageConsumer         : Produto retransmitido para products-output: id=4a74d4bc-884f-4854-88bd-032cfd1b0151
]]></system-out>
  </testcase>
  <testcase name="should_retransmit_product_from_products_input_to_products_output" classname="com.otel.sample.microservices.integration.ProductFlowIT" time="0.148">
    <system-out><![CDATA[2026-05-21T14:38:30.084-03:00  INFO 1274936 --- [sample-microservices] [o-auto-1-exec-2] c.o.s.m.controller.ProductController     : REST POST /api/products - nome=Teclado IT
2026-05-21T14:38:30.084-03:00  INFO 1274936 --- [sample-microservices] [o-auto-1-exec-2] c.o.s.m.service.impl.ProductServiceImpl  : Criando produto id=40390a29-ba7b-4405-be6c-4e99447f76dd nome=Teclado IT
2026-05-21T14:38:30.084-03:00  INFO 1274936 --- [sample-microservices] [o-auto-1-exec-2] c.o.s.m.service.impl.ProductServiceImpl  : Produto salvo no repositório: 40390a29-ba7b-4405-be6c-4e99447f76dd
2026-05-21T14:38:30.084-03:00  INFO 1274936 --- [sample-microservices] [o-auto-1-exec-2] c.o.s.m.m.ProductMessageProducer         : Publicando produto em products-input: id=40390a29-ba7b-4405-be6c-4e99447f76dd
2026-05-21T14:38:30.085-03:00 DEBUG 1274936 --- [sample-microservices] [o-auto-1-exec-2] o.s.amqp.rabbit.core.RabbitTemplate      : Executing callback RabbitTemplate$$Lambda/0x00000000718df9b0 on RabbitMQ Channel: Cached Rabbit Channel: com.github.fridujo.rabbitmq.mock.MockChannel@45b5f805, conn: Proxy@444f35bf Shared Rabbit Connection: SimpleConnection@2fcd3128 [delegate=com.github.fridujo.rabbitmq.mock.MockConnection@5ba1192c, localPort=0]
2026-05-21T14:38:30.085-03:00 DEBUG 1274936 --- [sample-microservices] [o-auto-1-exec-2] o.s.amqp.rabbit.core.RabbitTemplate      : Publishing message [(Body:'[B@4484f4f9(byte[87])' MessageProperties [headers={__TypeId__=com.otel.sample.microservices.model.Product}, contentType=application/json, contentEncoding=UTF-8, contentLength=87, deliveryMode=PERSISTENT, priority=0, deliveryTag=0])] on exchange [], routingKey = [products-input]
2026-05-21T14:38:30.085-03:00  INFO 1274936 --- [sample-microservices] [o-auto-1-exec-2] c.o.s.m.service.impl.ProductServiceImpl  : Produto publicado em products-input: 40390a29-ba7b-4405-be6c-4e99447f76dd
2026-05-21T14:38:30.101-03:00 DEBUG 1274936 --- [sample-microservices] [queue_consuming] o.s.a.r.listener.BlockingQueueConsumer   : Storing delivery for consumerTag: 'amq.ctag-NHLdSbB70WPGq47CZNbB8B' with deliveryTag: '2' in Consumer@5a23740d: tags=[[amq.ctag-NHLdSbB70WPGq47CZNbB8B]], channel=Cached Rabbit Channel: com.github.fridujo.rabbitmq.mock.MockChannel@216f5b88, conn: Proxy@444f35bf Shared Rabbit Connection: SimpleConnection@2fcd3128 [delegate=com.github.fridujo.rabbitmq.mock.MockConnection@5ba1192c, localPort=0], acknowledgeMode=AUTO local queue size=0
2026-05-21T14:38:30.101-03:00 DEBUG 1274936 --- [sample-microservices] [ntContainer#1-1] o.s.a.r.listener.BlockingQueueConsumer   : Received message: (Body:'[B@4484f4f9(byte[87])' MessageProperties [headers={__TypeId__=com.otel.sample.microservices.model.Product}, contentType=application/json, contentEncoding=UTF-8, contentLength=0, receivedDeliveryMode=PERSISTENT, priority=0, redelivered=false, receivedExchange=, receivedRoutingKey=products-input, deliveryTag=2, consumerTag=amq.ctag-NHLdSbB70WPGq47CZNbB8B, consumerQueue=products-input])
2026-05-21T14:38:30.101-03:00 DEBUG 1274936 --- [sample-microservices] [ntContainer#1-1] .a.r.l.a.MessagingMessageListenerAdapter : Processing [GenericMessage [payload=Product{productId='40390a29-ba7b-4405-be6c-4e99447f76dd', nome='Teclado IT', preco=300.00}, headers={amqp_receivedDeliveryMode=PERSISTENT, amqp_deliveryTag=2, amqp_consumerQueue=products-input, amqp_redelivered=false, amqp_receivedRoutingKey=products-input, amqp_contentEncoding=UTF-8, amqp_retryCount=0, id=57822e9f-c515-8450-be57-867e13544069, amqp_consumerTag=amq.ctag-NHLdSbB70WPGq47CZNbB8B, amqp_lastInBatch=false, contentType=application/json, __TypeId__=com.otel.sample.microservices.model.Product, timestamp=1779385110101}]]
2026-05-21T14:38:30.101-03:00  INFO 1274936 --- [sample-microservices] [ntContainer#1-1] c.o.s.m.m.ProductMessageConsumer         : Produto recebido de products-input: id=40390a29-ba7b-4405-be6c-4e99447f76dd
2026-05-21T14:38:30.102-03:00 DEBUG 1274936 --- [sample-microservices] [ntContainer#1-1] o.s.amqp.rabbit.core.RabbitTemplate      : Executing callback RabbitTemplate$$Lambda/0x00000000718df9b0 on RabbitMQ Channel: Cached Rabbit Channel: com.github.fridujo.rabbitmq.mock.MockChannel@45b5f805, conn: Proxy@444f35bf Shared Rabbit Connection: SimpleConnection@2fcd3128 [delegate=com.github.fridujo.rabbitmq.mock.MockConnection@5ba1192c, localPort=0]
2026-05-21T14:38:30.102-03:00 DEBUG 1274936 --- [sample-microservices] [ntContainer#1-1] o.s.amqp.rabbit.core.RabbitTemplate      : Publishing message [(Body:'[B@540601fa(byte[87])' MessageProperties [headers={__TypeId__=com.otel.sample.microservices.model.Product}, contentType=application/json, contentEncoding=UTF-8, contentLength=87, deliveryMode=PERSISTENT, priority=0, deliveryTag=0])] on exchange [], routingKey = [products-output]
2026-05-21T14:38:30.102-03:00  INFO 1274936 --- [sample-microservices] [ntContainer#1-1] c.o.s.m.m.ProductMessageConsumer         : Produto retransmitido para products-output: id=40390a29-ba7b-4405-be6c-4e99447f76dd
2026-05-21T14:38:30.197-03:00 DEBUG 1274936 --- [sample-microservices] [aitility-thread] o.s.amqp.rabbit.core.RabbitTemplate      : Executing callback RabbitTemplate$$Lambda/0x0000000071942cd0 on RabbitMQ Channel: Cached Rabbit Channel: com.github.fridujo.rabbitmq.mock.MockChannel@45b5f805, conn: Proxy@444f35bf Shared Rabbit Connection: SimpleConnection@2fcd3128 [delegate=com.github.fridujo.rabbitmq.mock.MockConnection@5ba1192c, localPort=0]
2026-05-21T14:38:30.221-03:00 DEBUG 1274936 --- [sample-microservices] [aitility-thread] o.s.amqp.rabbit.core.RabbitTemplate      : Received: (Body:'[B@578d691(byte[89])' MessageProperties [headers={__TypeId__=com.otel.sample.microservices.model.Product}, contentType=application/json, contentEncoding=UTF-8, contentLength=0, receivedDeliveryMode=PERSISTENT, priority=0, redelivered=false, receivedExchange=, receivedRoutingKey=products-output, deliveryTag=1])
]]></system-out>
  </testcase>
  <testcase name="should_save_product_in_repository_when_created" classname="com.otel.sample.microservices.integration.ProductFlowIT" time="0.009">
    <system-out><![CDATA[2026-05-21T14:38:30.229-03:00  INFO 1274936 --- [sample-microservices] [o-auto-1-exec-3] c.o.s.m.controller.ProductController     : REST POST /api/products - nome=Monitor IT
2026-05-21T14:38:30.229-03:00  INFO 1274936 --- [sample-microservices] [o-auto-1-exec-3] c.o.s.m.service.impl.ProductServiceImpl  : Criando produto id=80b15d82-10a0-4673-acd7-d9df68b516b9 nome=Monitor IT
2026-05-21T14:38:30.229-03:00  INFO 1274936 --- [sample-microservices] [o-auto-1-exec-3] c.o.s.m.service.impl.ProductServiceImpl  : Produto salvo no repositório: 80b15d82-10a0-4673-acd7-d9df68b516b9
2026-05-21T14:38:30.229-03:00  INFO 1274936 --- [sample-microservices] [o-auto-1-exec-3] c.o.s.m.m.ProductMessageProducer         : Publicando produto em products-input: id=80b15d82-10a0-4673-acd7-d9df68b516b9
2026-05-21T14:38:30.229-03:00 DEBUG 1274936 --- [sample-microservices] [o-auto-1-exec-3] o.s.amqp.rabbit.core.RabbitTemplate      : Executing callback RabbitTemplate$$Lambda/0x00000000718df9b0 on RabbitMQ Channel: Cached Rabbit Channel: com.github.fridujo.rabbitmq.mock.MockChannel@45b5f805, conn: Proxy@444f35bf Shared Rabbit Connection: SimpleConnection@2fcd3128 [delegate=com.github.fridujo.rabbitmq.mock.MockConnection@5ba1192c, localPort=0]
2026-05-21T14:38:30.229-03:00 DEBUG 1274936 --- [sample-microservices] [o-auto-1-exec-3] o.s.amqp.rabbit.core.RabbitTemplate      : Publishing message [(Body:'[B@5c7a2fb2(byte[88])' MessageProperties [headers={__TypeId__=com.otel.sample.microservices.model.Product}, contentType=application/json, contentEncoding=UTF-8, contentLength=88, deliveryMode=PERSISTENT, priority=0, deliveryTag=0])] on exchange [], routingKey = [products-input]
2026-05-21T14:38:30.229-03:00  INFO 1274936 --- [sample-microservices] [o-auto-1-exec-3] c.o.s.m.service.impl.ProductServiceImpl  : Produto publicado em products-input: 80b15d82-10a0-4673-acd7-d9df68b516b9
]]></system-out>
  </testcase>
  <testcase name="should_return_400_with_campos_when_nome_is_blank" classname="com.otel.sample.microservices.integration.ProductFlowIT" time="0.039">
    <system-out><![CDATA[2026-05-21T14:38:30.251-03:00 DEBUG 1274936 --- [sample-microservices] [queue_consuming] o.s.a.r.listener.BlockingQueueConsumer   : Storing delivery for consumerTag: 'amq.ctag-NHLdSbB70WPGq47CZNbB8B' with deliveryTag: '3' in Consumer@5a23740d: tags=[[amq.ctag-NHLdSbB70WPGq47CZNbB8B]], channel=Cached Rabbit Channel: com.github.fridujo.rabbitmq.mock.MockChannel@216f5b88, conn: Proxy@444f35bf Shared Rabbit Connection: SimpleConnection@2fcd3128 [delegate=com.github.fridujo.rabbitmq.mock.MockConnection@5ba1192c, localPort=0], acknowledgeMode=AUTO local queue size=0
2026-05-21T14:38:30.252-03:00 DEBUG 1274936 --- [sample-microservices] [ntContainer#1-1] o.s.a.r.listener.BlockingQueueConsumer   : Received message: (Body:'[B@5c7a2fb2(byte[88])' MessageProperties [headers={__TypeId__=com.otel.sample.microservices.model.Product}, contentType=application/json, contentEncoding=UTF-8, contentLength=0, receivedDeliveryMode=PERSISTENT, priority=0, redelivered=false, receivedExchange=, receivedRoutingKey=products-input, deliveryTag=3, consumerTag=amq.ctag-NHLdSbB70WPGq47CZNbB8B, consumerQueue=products-input])
2026-05-21T14:38:30.252-03:00  WARN 1274936 --- [sample-microservices] [o-auto-1-exec-4] c.o.s.m.c.GlobalExceptionHandler         : Validation failed: Validation failed for argument [0] in public org.springframework.http.ResponseEntity<com.otel.sample.microservices.dto.ProductResponse> com.otel.sample.microservices.controller.ProductController.createProduct(com.otel.sample.microservices.dto.ProductRequest): [Field error in object 'productRequest' on field 'nome': rejected value []; codes [NotBlank.productRequest.nome,NotBlank.nome,NotBlank.java.lang.String,NotBlank]; arguments [org.springframework.context.support.DefaultMessageSourceResolvable: codes [productRequest.nome,nome]; arguments []; default message [nome]]; default message [não deve estar em branco]] 
2026-05-21T14:38:30.252-03:00 DEBUG 1274936 --- [sample-microservices] [ntContainer#1-1] .a.r.l.a.MessagingMessageListenerAdapter : Processing [GenericMessage [payload=Product{productId='80b15d82-10a0-4673-acd7-d9df68b516b9', nome='Monitor IT', preco=1800.00}, headers={amqp_receivedDeliveryMode=PERSISTENT, amqp_deliveryTag=3, amqp_consumerQueue=products-input, amqp_redelivered=false, amqp_receivedRoutingKey=products-input, amqp_contentEncoding=UTF-8, amqp_retryCount=0, id=83c9eb32-5910-5cfd-2750-6606c0faf74a, amqp_consumerTag=amq.ctag-NHLdSbB70WPGq47CZNbB8B, amqp_lastInBatch=false, contentType=application/json, __TypeId__=com.otel.sample.microservices.model.Product, timestamp=1779385110252}]]
2026-05-21T14:38:30.252-03:00  INFO 1274936 --- [sample-microservices] [ntContainer#1-1] c.o.s.m.m.ProductMessageConsumer         : Produto recebido de products-input: id=80b15d82-10a0-4673-acd7-d9df68b516b9
2026-05-21T14:38:30.252-03:00 DEBUG 1274936 --- [sample-microservices] [ntContainer#1-1] o.s.amqp.rabbit.core.RabbitTemplate      : Executing callback RabbitTemplate$$Lambda/0x00000000718df9b0 on RabbitMQ Channel: Cached Rabbit Channel: com.github.fridujo.rabbitmq.mock.MockChannel@45b5f805, conn: Proxy@444f35bf Shared Rabbit Connection: SimpleConnection@2fcd3128 [delegate=com.github.fridujo.rabbitmq.mock.MockConnection@5ba1192c, localPort=0]
2026-05-21T14:38:30.252-03:00 DEBUG 1274936 --- [sample-microservices] [ntContainer#1-1] o.s.amqp.rabbit.core.RabbitTemplate      : Publishing message [(Body:'[B@9c86228(byte[88])' MessageProperties [headers={__TypeId__=com.otel.sample.microservices.model.Product}, contentType=application/json, contentEncoding=UTF-8, contentLength=88, deliveryMode=PERSISTENT, priority=0, deliveryTag=0])] on exchange [], routingKey = [products-output]
2026-05-21T14:38:30.253-03:00  INFO 1274936 --- [sample-microservices] [ntContainer#1-1] c.o.s.m.m.ProductMessageConsumer         : Produto retransmitido para products-output: id=80b15d82-10a0-4673-acd7-d9df68b516b9
]]></system-out>
  </testcase>
</testsuite>